           _                 _    
  __ _  __| |_ __ __ _ _ __ | |_  
 / _` |/ _` | '__/ _` | '_ \| __| 
| (_| | (_| | | | (_| | | | | |_  
 \__, |\__,_|_|  \__,_|_| |_|\__| 
    |_|                           

Version: 1.11.4, build: d8b6e4a0
Access web UI at http://localhost:6333/dashboard

2024-09-27T11:15:29.698290Z  INFO storage::content_manager::consensus::persistent: Loading raft state from ./storage/raft_state.json    
2024-09-27T11:15:29.701996Z DEBUG storage::content_manager::consensus::persistent: State: Persistent { state: RaftState { hard_state: HardState { term: 0, vote: 0, commit: 0 }, conf_state: ConfState { voters: [2371923938415513], learners: [], voters_outgoing: [], learners_next: [], auto_leave: false } }, latest_snapshot_meta: SnapshotMetadataSer { term: 0, index: 0 }, apply_progress_queue: EntryApplyProgressQueue(None), peer_address_by_id: RwLock { data: {} }, peer_metadata_by_id: RwLock { data: {} }, cluster_metadata: {}, this_peer_id: 2371923938415513, path: "./storage/raft_state.json", dirty: false }    
2024-09-27T11:15:29.761799Z  INFO storage::content_manager::toc: Loading collection: default    
2024-09-27T11:15:30.112680Z  INFO collection::shards::local_shard: Recovering collection default: 0/1 (0%)    
2024-09-27T11:15:30.188570Z  INFO collection::shards::local_shard: Recovered collection default: 1/1 (100%)    
2024-09-27T11:15:30.199797Z DEBUG qdrant: Loaded collection: default    
2024-09-27T11:15:30.199821Z  INFO qdrant: Distributed mode disabled    
2024-09-27T11:15:30.200294Z  INFO qdrant: Telemetry reporting disabled    
2024-09-27T11:15:30.201118Z DEBUG qdrant: Waiting for thread web to finish    
2024-09-27T11:15:30.204017Z  WARN qdrant::actix::web_ui: Static content folder for Web UI './static' does not exist    
2024-09-27T11:15:30.204824Z  INFO qdrant::actix: TLS disabled for REST API    
2024-09-27T11:15:30.205839Z  INFO qdrant::actix: Qdrant HTTP listening on 6333    
2024-09-27T11:15:30.206498Z  INFO actix_server::builder: Starting 11 workers
2024-09-27T11:15:30.206510Z  INFO actix_server::server: Actix runtime found; starting in Actix runtime
2024-09-27T11:15:30.210477Z  INFO qdrant::tonic: Qdrant gRPC listening on 6334    
2024-09-27T11:15:30.210514Z  INFO qdrant::tonic: TLS disabled for gRPC API    
2024-09-27T11:15:39.640193Z  INFO storage::content_manager::toc::collection_meta_ops: Deleting collection default    
2024-09-27T11:15:39.643191Z DEBUG collection::update_handler: Stopping flush worker.    
2024-09-27T11:15:39.664666Z  INFO actix_web::middleware::logger: 127.0.0.1 "DELETE /collections/default HTTP/1.1" 200 48 "-" "curl/7.81.0" 0.027765    
2024-09-27T11:15:59.580216Z DEBUG storage::content_manager::snapshots::recover: Downloading snapshot from file:///home/hk/gaianet/qdrant/snapshots/default/default.snapshot to /home/hk/gaianet/qdrant/./snapshots/tmp/download-OQCbXw    
2024-09-27T11:15:59.580248Z DEBUG storage::content_manager::snapshots::recover: Snapshot downloaded to /home/hk/gaianet/qdrant/snapshots/default/default.snapshot    
2024-09-27T11:15:59.580399Z DEBUG storage::content_manager::snapshots::recover: Recovering collection default from snapshot /home/hk/gaianet/qdrant/snapshots/default/default.snapshot    
2024-09-27T11:15:59.580403Z DEBUG storage::content_manager::snapshots::recover: Unpacking snapshot to /home/hk/gaianet/qdrant/./storage/tmp/col-default-recovery-zavEYc    
2024-09-27T11:16:00.675615Z DEBUG storage::content_manager::snapshots::recover: Collection default does not exist, creating it    
2024-09-27T11:16:00.676027Z  INFO storage::content_manager::toc::collection_meta_ops: Creating collection default    
2024-09-27T11:16:00.942730Z DEBUG collection::collection: Changing shard default:0 replica state from Some(Initializing) to Active    
2024-09-27T11:16:00.942748Z DEBUG collection::shards::replica_set: Changing local shard default:0 state from Some(Initializing) to Active    
2024-09-27T11:16:00.947011Z DEBUG storage::content_manager::snapshots::recover: Recovering shard 0 from /home/hk/gaianet/qdrant/./storage/tmp/col-default-recovery-zavEYc/0    
2024-09-27T11:16:00.948059Z DEBUG collection::update_handler: Stopping flush worker.    
2024-09-27T11:16:01.203136Z  INFO collection::shards::local_shard: Recovering collection default: 0/8 (0%)    
2024-09-27T11:16:01.240291Z  INFO collection::shards::local_shard: Recovered collection default: 8/8 (100%)    
2024-09-27T11:16:01.243191Z DEBUG storage::content_manager::snapshots::recover: Activating shard 0 of collection default locally    
2024-09-27T11:16:01.243221Z DEBUG collection::collection: Changing shard default:0 replica state from Some(Active) to Active    
2024-09-27T11:16:01.243237Z DEBUG collection::shards::replica_set: Changing local shard default:0 state from Some(Active) to Active    
2024-09-27T11:16:01.247708Z  INFO actix_web::middleware::logger: 127.0.0.1 "POST /collections/default/snapshots/upload?priority=snapshot HTTP/1.1" 200 48 "-" "curl/7.81.0" 2.104762    
2024-09-27T11:16:06.298687Z DEBUG qdrant::tonic: Stopping gRPC service on SIGTERM    
2024-09-27T11:16:06.298721Z  INFO actix_server::server: SIGTERM received; starting graceful shutdown
2024-09-27T11:16:06.298950Z DEBUG actix_server::accept: Paused accepting connections on 127.0.0.1:6333
2024-09-27T11:16:06.298976Z  INFO actix_server::worker: Shutting down idle worker
2024-09-27T11:16:06.298987Z  INFO actix_server::accept: Accept thread stopped
2024-09-27T11:16:06.299036Z  INFO actix_server::worker: Shutting down idle worker
2024-09-27T11:16:06.299096Z  INFO actix_server::worker: Shutting down idle worker
2024-09-27T11:16:06.299134Z  INFO actix_server::worker: Shutting down idle worker
2024-09-27T11:16:06.299151Z  INFO actix_server::worker: Shutting down idle worker
2024-09-27T11:16:06.299186Z  INFO actix_server::worker: Shutting down idle worker
2024-09-27T11:16:06.299305Z  INFO actix_server::worker: Shutting down idle worker
2024-09-27T11:16:06.299186Z  INFO actix_server::worker: Shutting down idle worker
2024-09-27T11:16:06.299344Z  INFO actix_server::worker: Shutting down idle worker
2024-09-27T11:16:06.299513Z  INFO actix_server::worker: Shutting down idle worker
2024-09-27T11:16:06.299159Z  INFO actix_server::worker: Shutting down idle worker
2024-09-27T11:16:06.603237Z DEBUG qdrant: Waiting for thread grpc to finish    
2024-09-27T11:16:06.603819Z DEBUG collection::update_handler: Stopping flush worker.    
